Arguments: 
  /usr/bin/node /usr/local/share/yarn/bin/yarn.js dev

PATH: 
  /usr/local/sbin:/usr/local/bin:/usr/sbin:/usr/bin:/sbin:/bin

Yarn version: 
  1.22.4

Node version: 
  12.16.2

Platform: 
  linux x64

Trace: 
  SyntaxError: /var/www/package.json: Unexpected token } in JSON at position 415
      at JSON.parse (<anonymous>)
      at /usr/local/share/yarn/lib/cli.js:1625:59
      at Generator.next (<anonymous>)
      at step (/usr/local/share/yarn/lib/cli.js:310:30)
      at /usr/local/share/yarn/lib/cli.js:321:13

npm manifest: 
  {
    "name": "app",
    "version": "1.0.0",
    "description": "Frontend",
    "author": "",
    "config": {
      "nuxt": {
        "host": "0.0.0.0"
      }
    },
    "scripts": {
      "dev": "node --max_old_space_size=8192 ./node_modules/.bin/nuxt",
      "build": "nuxt build",
      "start": "nuxt start",
      "generate": "nuxt generate"
    },
    "dependencies": {
      "clone": "^2.1.2",
      "core-js": "2.6.5",
      "nuxt": "2.4.0",
    },
    "devDependencies": {
      "@nuxt/typescript-build": "0.6.1",
      "@nuxt/typescript-runtime": "0.4.1",
      "@nuxtjs/axios": "5.3.1",
      "@nuxtjs/proxy": "1.2.4",
      "@nuxtjs/router": "1.3.2",
      "@nuxtjs/sentry": "4.0.0",
      "@nuxtjs/style-resources": "1.0.0",
      "axios": "0.18.0",
      "fs": "",
      "moment": "2.24.0",
      "node-sass": "4.13.1",
      "nuxt-sass-resources-loader": "2.0.2",
      "sass-loader": "7.3.1",
      "vue-svg-loader": "0.16.0",
      "vue-template-compiler": "2.6.11"
    }
  }

yarn manifest: 
  No manifest

Lockfile: 
  No lockfile
